[I 2025-07-01 12:46:23,303] Trial 98 finished with value: 0.7115952968597412 and parameters: {'learning_rate': 0.017924563664525918, 'lambda': 9.925838926203068e-06}. Best is trial 72 with value: 0.713498592376709.
[I 2025-07-01 12:47:20,432] Trial 99 finished with value: 0.7115451693534851 and parameters: {'learning_rate': 0.01896506689110112, 'lambda': 8.558028726473986e-06}. Best is trial 72 with value: 0.713498592376709.
[I 2025-07-01 12:47:35,810] Trial 101 finished with value: 0.7100926637649536 and parameters: {'learning_rate': 0.02192020880146871, 'lambda': 8.601048226671938e-06}. Best is trial 72 with value: 0.713498592376709.
[I 2025-07-01 12:47:36,016] Trial 102 finished with value: 0.7133483290672302 and parameters: {'learning_rate': 0.02308788422007466, 'lambda': 8.715883255783095e-06}. Best is trial 72 with value: 0.713498592376709.
[I 2025-07-01 12:48:33,841] Trial 103 finished with value: 0.7132982611656189 and parameters: {'learning_rate': 0.02629403718312932, 'lambda': 9.996186630241149e-06}. Best is trial 72 with value: 0.713498592376709.
[I 2025-07-01 12:51:01,874] Trial 106 finished with value: 0.6964187026023865 and parameters: {'learning_rate': 0.01029561166054976, 'lambda': 7.107749313961673e-06}. Best is trial 72 with value: 0.713498592376709.
[I 2025-07-01 12:51:51,534] Trial 107 finished with value: 0.69236159324646 and parameters: {'learning_rate': 0.010583797572116818, 'lambda': 7.22003362560808e-06}. Best is trial 72 with value: 0.713498592376709.
[I 2025-07-01 12:52:06,541] Trial 104 finished with value: 0.7045829892158508 and parameters: {'learning_rate': 0.02676381226749932, 'lambda': 4.320729844750461e-06}. Best is trial 72 with value: 0.713498592376709.
[I 2025-07-01 12:52:10,030] Trial 105 finished with value: 0.7095416784286499 and parameters: {'learning_rate': 0.010608415837600109, 'lambda': 9.913197256310097e-06}. Best is trial 72 with value: 0.713498592376709.
[I 2025-07-01 12:53:39,807] Trial 110 finished with value: 0.7102929949760437 and parameters: {'learning_rate': 0.03636352595355247, 'lambda': 8.765333221694063e-06}. Best is trial 72 with value: 0.713498592376709.
[I 2025-07-01 12:54:01,938] Trial 109 finished with value: 0.7130478024482727 and parameters: {'learning_rate': 0.026813868231514038, 'lambda': 9.941913725284957e-06}. Best is trial 72 with value: 0.713498592376709.
[I 2025-07-01 12:54:17,016] Trial 108 finished with value: 0.7073377966880798 and parameters: {'learning_rate': 0.02462243312567296, 'lambda': 7.20592406347261e-06}. Best is trial 72 with value: 0.713498592376709.
[I 2025-07-01 12:54:28,368] Trial 111 finished with value: 0.7054345011711121 and parameters: {'learning_rate': 0.04983727731497283, 'lambda': 5.767331788232643e-06}. Best is trial 72 with value: 0.713498592376709.
[I 2025-07-01 12:55:22,123] Trial 112 finished with value: 0.7062860131263733 and parameters: {'learning_rate': 0.04538854900502451, 'lambda': 5.664160881721237e-06}. Best is trial 72 with value: 0.713498592376709.
[I 2025-07-01 12:56:18,308] Trial 115 finished with value: 0.6439769268035889 and parameters: {'learning_rate': 0.015621822167668326, 'lambda': 4.255246000039895e-08}. Best is trial 72 with value: 0.713498592376709.
[I 2025-07-01 12:57:12,586] Trial 114 finished with value: 0.6619083285331726 and parameters: {'learning_rate': 0.04734782358177652, 'lambda': 4.188736134983684e-08}. Best is trial 72 with value: 0.713498592376709.
[I 2025-07-01 12:59:02,660] Trial 113 finished with value: 0.7022289037704468 and parameters: {'learning_rate': 0.024809960300611278, 'lambda': 5.816457960979592e-06}. Best is trial 72 with value: 0.713498592376709.
[I 2025-07-01 12:59:21,227] Trial 117 finished with value: 0.7106937170028687 and parameters: {'learning_rate': 0.021927045009712633, 'lambda': 8.6537043057009e-06}. Best is trial 72 with value: 0.713498592376709.
[I 2025-07-01 13:00:05,199] Trial 118 finished with value: 0.7123966813087463 and parameters: {'learning_rate': 0.027012909744577544, 'lambda': 8.455412790725563e-06}. Best is trial 72 with value: 0.713498592376709.
[I 2025-07-01 13:00:23,163] Trial 116 finished with value: 0.7114450335502625 and parameters: {'learning_rate': 0.017114598712451953, 'lambda': 8.783631428843743e-06}. Best is trial 72 with value: 0.713498592376709.
[I 2025-07-01 13:01:34,670] Trial 119 finished with value: 0.7120961546897888 and parameters: {'learning_rate': 0.02904318897494382, 'lambda': 8.146453596090159e-06}. Best is trial 72 with value: 0.713498592376709.
[I 2025-07-01 13:01:52,001] Trial 122 finished with value: 0.6624593138694763 and parameters: {'learning_rate': 0.03318358046589294, 'lambda': 5.811593196730824e-07}. Best is trial 72 with value: 0.713498592376709.
[I 2025-07-01 13:03:09,867] Trial 121 finished with value: 0.7094414830207825 and parameters: {'learning_rate': 0.02954441100304118, 'lambda': 6.953367368222143e-06}. Best is trial 72 with value: 0.713498592376709.
[I 2025-07-01 13:03:20,893] Trial 120 finished with value: 0.670673668384552 and parameters: {'learning_rate': 0.030459580782086507, 'lambda': 7.378909561546445e-07}. Best is trial 72 with value: 0.713498592376709.
[I 2025-07-01 13:04:42,323] Trial 123 finished with value: 0.7118456959724426 and parameters: {'learning_rate': 0.03104089990876292, 'lambda': 6.815357078847978e-06}. Best is trial 72 with value: 0.713498592376709.
[I 2025-07-01 13:04:59,126] Trial 124 finished with value: 0.7063360810279846 and parameters: {'learning_rate': 0.029087257002754083, 'lambda': 6.473009339872814e-06}. Best is trial 72 with value: 0.713498592376709.
[I 2025-07-01 13:05:53,512] Trial 125 finished with value: 0.7113949060440063 and parameters: {'learning_rate': 0.021201805179502285, 'lambda': 8.663633731956357e-06}. Best is trial 72 with value: 0.713498592376709.
[I 2025-07-01 13:06:11,828] Trial 126 finished with value: 0.7107938528060913 and parameters: {'learning_rate': 0.021015936598691373, 'lambda': 8.68170450977617e-06}. Best is trial 72 with value: 0.713498592376709.
[I 2025-07-01 13:06:47,199] Trial 127 finished with value: 0.7110943794250488 and parameters: {'learning_rate': 0.035987082700338804, 'lambda': 7.902733597110318e-06}. Best is trial 72 with value: 0.713498592376709.
[I 2025-07-01 13:07:59,259] Trial 129 finished with value: 0.7108439803123474 and parameters: {'learning_rate': 0.03602632915603158, 'lambda': 7.743019324395732e-06}. Best is trial 72 with value: 0.713498592376709.
[I 2025-07-01 13:08:07,162] Trial 131 finished with value: 0.6841973066329956 and parameters: {'learning_rate': 0.012559041861507931, 'lambda': 4.904757850977265e-06}. Best is trial 72 with value: 0.713498592376709.
[I 2025-07-01 13:08:34,712] Trial 128 finished with value: 0.7117956280708313 and parameters: {'learning_rate': 0.019881510096910596, 'lambda': 8.55037009955997e-06}. Best is trial 72 with value: 0.713498592376709.
[I 2025-07-01 13:08:45,957] Trial 130 finished with value: 0.6611069440841675 and parameters: {'learning_rate': 0.03700908803064372, 'lambda': 2.262569869665547e-07}. Best is trial 72 with value: 0.713498592376709.
[I 2025-07-01 13:08:46,720] Trial 132 finished with value: 0.6612070798873901 and parameters: {'learning_rate': 0.0031807152901990304, 'lambda': 2.0925511281859682e-07}. Best is trial 72 with value: 0.713498592376709.
[I 2025-07-01 13:09:23,171] Trial 134 finished with value: 0.6851490139961243 and parameters: {'learning_rate': 0.0002970938960152924, 'lambda': 6.5165040957540325e-06}. Best is trial 72 with value: 0.713498592376709.
[I 2025-07-01 13:09:34,306] Trial 135 finished with value: 0.6846480965614319 and parameters: {'learning_rate': 0.00027881405151982064, 'lambda': 7.018929665214108e-06}. Best is trial 72 with value: 0.713498592376709.
[I 2025-07-01 13:10:41,977] Trial 133 finished with value: 0.657250165939331 and parameters: {'learning_rate': 0.02699696686282021, 'lambda': 2.8785704581155795e-07}. Best is trial 72 with value: 0.713498592376709.
[I 2025-07-01 13:10:58,544] Trial 136 finished with value: 0.7133984565734863 and parameters: {'learning_rate': 0.026056534558822196, 'lambda': 9.989746893996333e-06}. Best is trial 72 with value: 0.713498592376709.
[I 2025-07-01 13:11:26,307] Trial 137 finished with value: 0.7139995098114014 and parameters: {'learning_rate': 0.02434866869389585, 'lambda': 9.986203190699059e-06}. Best is trial 137 with value: 0.7139995098114014.
[I 2025-07-01 13:11:52,151] Trial 138 finished with value: 0.7138993144035339 and parameters: {'learning_rate': 0.026232476296104243, 'lambda': 9.711275843273388e-06}. Best is trial 137 with value: 0.7139995098114014.
[I 2025-07-01 13:13:31,563] Trial 140 finished with value: 0.7066866755485535 and parameters: {'learning_rate': 0.015439340790865124, 'lambda': 9.853376596135358e-06}. Best is trial 137 with value: 0.7139995098114014.
[I 2025-07-01 13:13:57,736] Trial 141 finished with value: 0.7071875333786011 and parameters: {'learning_rate': 0.02054584919165133, 'lambda': 7.603157450632563e-06}. Best is trial 137 with value: 0.7139995098114014.
[I 2025-07-01 13:14:51,562] Trial 142 finished with value: 0.7137490510940552 and parameters: {'learning_rate': 0.022768615552162304, 'lambda': 9.991089714164113e-06}. Best is trial 137 with value: 0.7139995098114014.
[I 2025-07-01 13:15:08,352] Trial 139 finished with value: 0.7146506309509277 and parameters: {'learning_rate': 0.016848380924625605, 'lambda': 9.972254466547545e-06}. Best is trial 139 with value: 0.7146506309509277.
[I 2025-07-01 13:16:16,733] Trial 143 finished with value: 0.709140956401825 and parameters: {'learning_rate': 0.02400357044581047, 'lambda': 7.530521181587197e-06}. Best is trial 139 with value: 0.7146506309509277.
[I 2025-07-01 13:16:31,958] Trial 144 finished with value: 0.7139995098114014 and parameters: {'learning_rate': 0.024680844789043147, 'lambda': 9.962124295527635e-06}. Best is trial 139 with value: 0.7146506309509277.
[I 2025-07-01 13:17:58,685] Trial 145 finished with value: 0.7142499089241028 and parameters: {'learning_rate': 0.02465357516216046, 'lambda': 9.816306822380786e-06}. Best is trial 139 with value: 0.7146506309509277.
[I 2025-07-01 13:18:31,955] Trial 146 finished with value: 0.7112947702407837 and parameters: {'learning_rate': 0.028231439847523094, 'lambda': 7.672342262869373e-06}. Best is trial 139 with value: 0.7146506309509277.
[I 2025-07-01 13:19:47,120] Trial 147 finished with value: 0.7055847644805908 and parameters: {'learning_rate': 0.028250189161454987, 'lambda': 6.287104876155981e-06}. Best is trial 139 with value: 0.7146506309509277.
[I 2025-07-01 13:20:07,315] Trial 148 finished with value: 0.703831672668457 and parameters: {'learning_rate': 0.02705169373327986, 'lambda': 6.0052985160380056e-06}. Best is trial 139 with value: 0.7146506309509277.
[I 2025-07-01 13:20:45,515] Trial 149 finished with value: 0.7138492465019226 and parameters: {'learning_rate': 0.02520278306114598, 'lambda': 9.933099018198378e-06}. Best is trial 139 with value: 0.7146506309509277.
[I 2025-07-01 13:21:06,244] Trial 150 finished with value: 0.7135487198829651 and parameters: {'learning_rate': 0.024736023023941314, 'lambda': 9.99125666001911e-06}. Best is trial 139 with value: 0.7146506309509277.
[I 2025-07-01 13:22:06,657] Trial 151 finished with value: 0.7141497731208801 and parameters: {'learning_rate': 0.02472210870270095, 'lambda': 9.871760856541919e-06}. Best is trial 139 with value: 0.7146506309509277.
[I 2025-07-01 13:23:07,681] Trial 155 finished with value: 0.6848985552787781 and parameters: {'learning_rate': 7.652400888478295e-05, 'lambda': 9.999366428167465e-06}. Best is trial 139 with value: 0.7146506309509277.
[I 2025-07-01 13:23:10,208] Trial 152 finished with value: 0.714500367641449 and parameters: {'learning_rate': 0.024050302552769704, 'lambda': 9.58014175885464e-06}. Best is trial 139 with value: 0.7146506309509277.
[I 2025-07-01 13:23:24,177] Trial 154 finished with value: 0.7135987877845764 and parameters: {'learning_rate': 0.02243761522838874, 'lambda': 9.841174263887733e-06}. Best is trial 139 with value: 0.7146506309509277.
[I 2025-07-01 13:24:08,873] Trial 153 finished with value: 0.7135987877845764 and parameters: {'learning_rate': 0.02327182027322819, 'lambda': 9.834304789048749e-06}. Best is trial 139 with value: 0.7146506309509277.
[I 2025-07-01 13:25:28,415] Trial 157 finished with value: 0.714500367641449 and parameters: {'learning_rate': 0.024045942954347546, 'lambda': 9.984796702546301e-06}. Best is trial 139 with value: 0.7146506309509277.
[I 2025-07-01 13:25:39,282] Trial 156 finished with value: 0.7126471400260925 and parameters: {'learning_rate': 0.023625465970712405, 'lambda': 8.957758315776391e-06}. Best is trial 139 with value: 0.7146506309509277.
[I 2025-07-01 13:25:55,514] Trial 158 finished with value: 0.7120961546897888 and parameters: {'learning_rate': 0.02354634746895769, 'lambda': 9.123533079432905e-06}. Best is trial 139 with value: 0.7146506309509277.
[I 2025-07-01 13:27:40,441] Trial 160 finished with value: 0.7122964859008789 and parameters: {'learning_rate': 0.02205276282714, 'lambda': 8.85964735651397e-06}. Best is trial 139 with value: 0.7146506309509277.
[I 2025-07-01 13:28:17,881] Trial 162 finished with value: 0.7046831846237183 and parameters: {'learning_rate': 0.015314357912510805, 'lambda': 7.407803510475108e-06}. Best is trial 139 with value: 0.7146506309509277.
[I 2025-07-01 13:28:26,883] Trial 159 finished with value: 0.7086400985717773 and parameters: {'learning_rate': 0.013021422171461355, 'lambda': 9.876864568419027e-06}. Best is trial 139 with value: 0.7146506309509277.
[I 2025-07-01 13:29:57,750] Trial 161 finished with value: 0.7028800249099731 and parameters: {'learning_rate': 0.014889669241656227, 'lambda': 7.344065720205972e-06}. Best is trial 139 with value: 0.7146506309509277.
[I 2025-07-01 13:29:58,699] Trial 165 finished with value: 0.7098422050476074 and parameters: {'learning_rate': 0.04078567865398355, 'lambda': 7.554491983117762e-06}. Best is trial 139 with value: 0.7146506309509277.
srun: Job step aborted: Waiting up to 62 seconds for job step to finish.
slurmstepd: error: *** STEP 713396.0 ON r9i7n8 CANCELLED AT 2025-07-01T13:30:43 ***
slurmstepd: error: *** JOB 713396 ON r9i7n8 CANCELLED AT 2025-07-01T13:30:43 ***
