Loading pytorch-gpu/py3/2.7.0
  Loading requirement: gcc/11.4.1 cuda/12.6.3 nccl/2.25.1-1-cuda
    cudnn/9.5.1.17-cuda openmpi/4.1.6-cuda intel-mkl/2020.4 magma/2.9.0-cuda
    sox/14.4.2 hdf5/1.12.0-mpi-cuda libjpeg-turbo/2.1.3 ffmpeg/6.1.1
    openjdk/11.0.2
[I 2025-07-01 11:42:45,084] Using an existing study with name 'hps_parallel_algebra_IMPACT' instead of creating a new one.
[I 2025-07-01 11:42:45,493] Using an existing study with name 'hps_parallel_algebra_IMPACT' instead of creating a new one.
[I 2025-07-01 11:42:45,733] Using an existing study with name 'hps_parallel_algebra_IMPACT' instead of creating a new one.
[I 2025-07-01 11:42:45,847] Using an existing study with name 'hps_parallel_algebra_IMPACT' instead of creating a new one.
[I 2025-07-01 11:44:45,923] Trial 3 finished with value: 0.794306755065918 and parameters: {'learning_rate': 9.237449985005555e-05, 'lambda': 5.583451327913778e-06}. Best is trial 3 with value: 0.794306755065918.
[I 2025-07-01 11:44:47,494] Trial 4 finished with value: 0.7509827613830566 and parameters: {'learning_rate': 0.003504791671058924, 'lambda': 1.558519288632125e-08}. Best is trial 3 with value: 0.794306755065918.
[I 2025-07-01 11:45:12,547] Trial 2 finished with value: 0.7959397435188293 and parameters: {'learning_rate': 1.6756617297479104e-05, 'lambda': 1.2891349231160683e-08}. Best is trial 2 with value: 0.7959397435188293.
[I 2025-07-01 11:46:59,840] Trial 7 finished with value: 0.783117949962616 and parameters: {'learning_rate': 0.000529706722394126, 'lambda': 3.1003244022354554e-07}. Best is trial 2 with value: 0.7959397435188293.
[I 2025-07-01 11:48:46,649] Trial 8 finished with value: 0.792351245880127 and parameters: {'learning_rate': 0.0001538818194721162, 'lambda': 5.760057168554648e-06}. Best is trial 2 with value: 0.7959397435188293.
[I 2025-07-01 11:50:33,186] Trial 9 finished with value: 0.7941656708717346 and parameters: {'learning_rate': 9.984750337829756e-05, 'lambda': 1.6287213054790382e-07}. Best is trial 2 with value: 0.7959397435188293.
[I 2025-07-01 11:50:42,467] Trial 6 finished with value: 0.8107372522354126 and parameters: {'learning_rate': 0.0003958824774635127, 'lambda': 4.696430424094149e-06}. Best is trial 6 with value: 0.8107372522354126.
[I 2025-07-01 11:51:35,474] Trial 5 finished with value: 0.79644376039505 and parameters: {'learning_rate': 0.0022979957877868906, 'lambda': 1.492377931440984e-06}. Best is trial 6 with value: 0.8107372522354126.
[I 2025-07-01 11:52:35,489] Trial 11 finished with value: 0.7922504544258118 and parameters: {'learning_rate': 0.00017454199159731168, 'lambda': 3.9113405868026005e-08}. Best is trial 6 with value: 0.8107372522354126.
[I 2025-07-01 11:53:24,186] Trial 12 finished with value: 0.7940648794174194 and parameters: {'learning_rate': 0.00011530334458566059, 'lambda': 9.223467161575709e-08}. Best is trial 6 with value: 0.8107372522354126.
[I 2025-07-01 11:54:25,787] Trial 1 finished with value: 0.7539060115814209 and parameters: {'learning_rate': 0.004252102330242989, 'lambda': 1.2985273361162967e-08}. Best is trial 6 with value: 0.8107372522354126.
[I 2025-07-01 11:55:12,721] Trial 14 finished with value: 0.7746910452842712 and parameters: {'learning_rate': 0.022499427967024605, 'lambda': 1.1986069076380062e-06}. Best is trial 6 with value: 0.8107372522354126.
[I 2025-07-01 11:56:13,126] Trial 15 finished with value: 0.7620909810066223 and parameters: {'learning_rate': 0.04240126686935664, 'lambda': 1.5677900550951121e-06}. Best is trial 6 with value: 0.8107372522354126.
[I 2025-07-01 11:57:29,114] Trial 16 finished with value: 0.7929762005805969 and parameters: {'learning_rate': 0.0017974858018632168, 'lambda': 1.4072561486614506e-06}. Best is trial 6 with value: 0.8107372522354126.
[I 2025-07-01 11:58:48,919] Trial 10 finished with value: 0.8085398077964783 and parameters: {'learning_rate': 0.0004286031266913417, 'lambda': 8.737778872603282e-06}. Best is trial 6 with value: 0.8107372522354126.
[I 2025-07-01 11:59:53,276] Trial 17 finished with value: 0.7964034080505371 and parameters: {'learning_rate': 0.0019604901747088364, 'lambda': 1.672324618713186e-06}. Best is trial 6 with value: 0.8107372522354126.
[I 2025-07-01 12:00:58,123] Trial 18 finished with value: 0.8067858815193176 and parameters: {'learning_rate': 0.000829976913166801, 'lambda': 3.106981359563199e-06}. Best is trial 6 with value: 0.8107372522354126.
[I 2025-07-01 12:02:48,155] Trial 13 finished with value: 0.7633005976676941 and parameters: {'learning_rate': 0.02180703154884858, 'lambda': 1.2838148610747697e-08}. Best is trial 6 with value: 0.8107372522354126.
[I 2025-07-01 12:02:56,928] Trial 21 finished with value: 0.7965041995048523 and parameters: {'learning_rate': 1.898071991233995e-05, 'lambda': 8.688087241644236e-06}. Best is trial 6 with value: 0.8107372522354126.
[I 2025-07-01 12:04:45,135] Trial 23 finished with value: 0.7858597040176392 and parameters: {'learning_rate': 0.0004164153110647756, 'lambda': 5.146555824588274e-07}. Best is trial 6 with value: 0.8107372522354126.
[I 2025-07-01 12:04:47,866] Trial 19 finished with value: 0.8092252612113953 and parameters: {'learning_rate': 0.0006073594365255539, 'lambda': 9.18056221143116e-06}. Best is trial 6 with value: 0.8107372522354126.
[I 2025-07-01 12:04:52,522] Trial 22 finished with value: 0.7961413264274597 and parameters: {'learning_rate': 1.838220178044448e-05, 'lambda': 6.437233766480916e-07}. Best is trial 6 with value: 0.8107372522354126.
[I 2025-07-01 12:06:36,325] Trial 24 finished with value: 0.7956575155258179 and parameters: {'learning_rate': 4.138040524919807e-05, 'lambda': 3.0949620951664554e-06}. Best is trial 6 with value: 0.8107372522354126.
[I 2025-07-01 12:07:56,223] Trial 20 finished with value: 0.8090639710426331 and parameters: {'learning_rate': 0.0005187652490445512, 'lambda': 9.387276332344563e-06}. Best is trial 6 with value: 0.8107372522354126.
[I 2025-07-01 12:11:08,466] Trial 26 finished with value: 0.8078946471214294 and parameters: {'learning_rate': 0.0003313684470780436, 'lambda': 9.923470564886935e-06}. Best is trial 6 with value: 0.8107372522354126.
[I 2025-07-01 12:11:15,606] Trial 28 finished with value: 0.8094469904899597 and parameters: {'learning_rate': 0.0009284805823847231, 'lambda': 3.8123116665742507e-06}. Best is trial 6 with value: 0.8107372522354126.
[I 2025-07-01 12:13:08,075] Trial 27 finished with value: 0.8079148530960083 and parameters: {'learning_rate': 0.00029705433456565165, 'lambda': 9.686130042447302e-06}. Best is trial 6 with value: 0.8107372522354126.
[I 2025-07-01 12:14:35,146] Trial 30 finished with value: 0.8072495460510254 and parameters: {'learning_rate': 0.0009944772174999676, 'lambda': 3.179308495810144e-06}. Best is trial 6 with value: 0.8107372522354126.
[I 2025-07-01 12:14:38,321] Trial 29 finished with value: 0.8094671368598938 and parameters: {'learning_rate': 0.0010995335948507346, 'lambda': 3.5697329308508117e-06}. Best is trial 6 with value: 0.8107372522354126.
[I 2025-07-01 12:15:57,184] Trial 25 finished with value: 0.8088220357894897 and parameters: {'learning_rate': 0.0002855441158777804, 'lambda': 9.16091214479622e-06}. Best is trial 6 with value: 0.8107372522354126.
[I 2025-07-01 12:16:23,833] Trial 31 finished with value: 0.8067052364349365 and parameters: {'learning_rate': 0.0008652524467727397, 'lambda': 2.943643635241751e-06}. Best is trial 6 with value: 0.8107372522354126.
[I 2025-07-01 12:17:53,283] Trial 34 finished with value: 0.8061609268188477 and parameters: {'learning_rate': 0.008250465308028582, 'lambda': 4.307519358259318e-06}. Best is trial 6 with value: 0.8107372522354126.
[I 2025-07-01 12:18:28,178] Trial 32 finished with value: 0.8099913001060486 and parameters: {'learning_rate': 0.004924430906979928, 'lambda': 4.224283128232193e-06}. Best is trial 6 with value: 0.8107372522354126.
[I 2025-07-01 12:20:55,423] Trial 33 finished with value: 0.7814446687698364 and parameters: {'learning_rate': 0.00755214517271963, 'lambda': 8.290011020828263e-07}. Best is trial 6 with value: 0.8107372522354126.
[I 2025-07-01 12:21:18,610] Trial 35 finished with value: 0.8089026808738708 and parameters: {'learning_rate': 0.006937776597865862, 'lambda': 4.569821992327817e-06}. Best is trial 6 with value: 0.8107372522354126.
[I 2025-07-01 12:22:16,665] Trial 37 finished with value: 0.7986210584640503 and parameters: {'learning_rate': 0.005993903106863249, 'lambda': 2.109956792179448e-06}. Best is trial 6 with value: 0.8107372522354126.
[I 2025-07-01 12:22:44,759] Trial 36 finished with value: 0.808983325958252 and parameters: {'learning_rate': 0.0065616878124035456, 'lambda': 4.6257038652120915e-06}. Best is trial 6 with value: 0.8107372522354126.
[I 2025-07-01 12:24:10,567] Trial 39 finished with value: 0.8024312853813171 and parameters: {'learning_rate': 0.0013378319273660087, 'lambda': 2.3297235914430876e-06}. Best is trial 6 with value: 0.8107372522354126.
[I 2025-07-01 12:25:04,149] Trial 40 finished with value: 0.8095276355743408 and parameters: {'learning_rate': 0.0014750739825884348, 'lambda': 5.396377641723879e-06}. Best is trial 6 with value: 0.8107372522354126.
[I 2025-07-01 12:25:19,094] Trial 38 finished with value: 0.8105961084365845 and parameters: {'learning_rate': 0.004066593712453619, 'lambda': 4.996519634390874e-06}. Best is trial 6 with value: 0.8107372522354126.
[I 2025-07-01 12:25:21,319] Trial 41 finished with value: 0.8012216687202454 and parameters: {'learning_rate': 0.001427217772584047, 'lambda': 2.198218837370849e-06}. Best is trial 6 with value: 0.8107372522354126.
[I 2025-07-01 12:28:08,041] Trial 45 finished with value: 0.8101727366447449 and parameters: {'learning_rate': 0.0035587257212616142, 'lambda': 6.219406653351104e-06}. Best is trial 6 with value: 0.8107372522354126.
[I 2025-07-01 12:29:42,421] Trial 43 finished with value: 0.8111606240272522 and parameters: {'learning_rate': 0.0031445448606082205, 'lambda': 5.70561313941696e-06}. Best is trial 43 with value: 0.8111606240272522.
[I 2025-07-01 12:29:43,093] Trial 42 finished with value: 0.7892062664031982 and parameters: {'learning_rate': 0.004164580039897295, 'lambda': 9.72754485098054e-07}. Best is trial 43 with value: 0.8111606240272522.
[I 2025-07-01 12:30:48,932] Trial 44 finished with value: 0.8109186887741089 and parameters: {'learning_rate': 0.0035400513729643116, 'lambda': 5.9504914030356206e-06}. Best is trial 43 with value: 0.8111606240272522.
[I 2025-07-01 12:33:19,236] Trial 48 finished with value: 0.8105961084365845 and parameters: {'learning_rate': 0.002848590096946738, 'lambda': 5.635606242369678e-06}. Best is trial 43 with value: 0.8111606240272522.
[I 2025-07-01 12:33:56,752] Trial 46 finished with value: 0.8114831447601318 and parameters: {'learning_rate': 0.0035820855736826453, 'lambda': 6.718720110057674e-06}. Best is trial 46 with value: 0.8114831447601318.
[I 2025-07-01 12:34:20,362] Trial 47 finished with value: 0.8111404180526733 and parameters: {'learning_rate': 0.0024129763261061528, 'lambda': 6.267560194473694e-06}. Best is trial 46 with value: 0.8114831447601318.
[I 2025-07-01 12:35:23,541] Trial 49 finished with value: 0.8107372522354126 and parameters: {'learning_rate': 0.0033080437961536175, 'lambda': 5.96529655999846e-06}. Best is trial 46 with value: 0.8114831447601318.
[I 2025-07-01 12:37:09,702] Trial 50 finished with value: 0.8071487545967102 and parameters: {'learning_rate': 0.011189735773770937, 'lambda': 6.015049916063683e-06}. Best is trial 46 with value: 0.8114831447601318.
[I 2025-07-01 12:37:27,257] Trial 51 finished with value: 0.7713242769241333 and parameters: {'learning_rate': 0.012823589614640194, 'lambda': 1.3486994852308862e-07}. Best is trial 46 with value: 0.8114831447601318.
[I 2025-07-01 12:40:05,215] Trial 54 finished with value: 0.7739450931549072 and parameters: {'learning_rate': 0.01314933704113696, 'lambda': 3.366166678436961e-07}. Best is trial 46 with value: 0.8114831447601318.
[I 2025-07-01 12:40:19,264] Trial 52 finished with value: 0.8112009167671204 and parameters: {'learning_rate': 0.01119715343465204, 'lambda': 6.731948001268156e-06}. Best is trial 46 with value: 0.8114831447601318.
[I 2025-07-01 12:41:14,748] Trial 55 finished with value: 0.8106566071510315 and parameters: {'learning_rate': 0.0030085800245997297, 'lambda': 7.166318158131062e-06}. Best is trial 46 with value: 0.8114831447601318.
[I 2025-07-01 12:44:06,899] Trial 57 finished with value: 0.8066245913505554 and parameters: {'learning_rate': 0.025407337822086807, 'lambda': 7.107956141769468e-06}. Best is trial 46 with value: 0.8114831447601318.
[I 2025-07-01 12:45:44,366] Trial 56 finished with value: 0.8113420605659485 and parameters: {'learning_rate': 0.002456773674836426, 'lambda': 7.0107599344400866e-06}. Best is trial 46 with value: 0.8114831447601318.
[I 2025-07-01 12:46:06,511] Trial 59 finished with value: 0.7617281079292297 and parameters: {'learning_rate': 0.0022927289025211233, 'lambda': 7.494032954479134e-08}. Best is trial 46 with value: 0.8114831447601318.
[I 2025-07-01 12:46:12,941] Trial 53 finished with value: 0.767231822013855 and parameters: {'learning_rate': 0.011270993634485554, 'lambda': 2.77395677724043e-08}. Best is trial 46 with value: 0.8114831447601318.
[I 2025-07-01 12:47:47,343] Trial 58 finished with value: 0.7596516013145447 and parameters: {'learning_rate': 0.019604859230152497, 'lambda': 3.5198620469995436e-08}. Best is trial 46 with value: 0.8114831447601318.
[I 2025-07-01 12:51:38,643] Trial 61 finished with value: 0.8112815618515015 and parameters: {'learning_rate': 0.0022586568822304995, 'lambda': 6.977925776704272e-06}. Best is trial 46 with value: 0.8114831447601318.
[I 2025-07-01 12:51:54,048] Trial 60 finished with value: 0.8110597729682922 and parameters: {'learning_rate': 0.002203824883793468, 'lambda': 7.537943045839383e-06}. Best is trial 46 with value: 0.8114831447601318.
[I 2025-07-01 12:52:42,408] Trial 62 finished with value: 0.8112815618515015 and parameters: {'learning_rate': 0.0022548660748790304, 'lambda': 7.235610166579202e-06}. Best is trial 46 with value: 0.8114831447601318.
[I 2025-07-01 12:53:39,580] Trial 63 finished with value: 0.81099933385849 and parameters: {'learning_rate': 0.001973041705483926, 'lambda': 7.12327643229485e-06}. Best is trial 46 with value: 0.8114831447601318.
[I 2025-07-01 12:55:18,847] Trial 66 finished with value: 0.8032780289649963 and parameters: {'learning_rate': 0.0016530865066971773, 'lambda': 2.4777578812307794e-06}. Best is trial 46 with value: 0.8114831447601318.
[I 2025-07-01 12:57:37,524] Trial 64 finished with value: 0.8101929426193237 and parameters: {'learning_rate': 0.03532756788751419, 'lambda': 7.550949955869505e-06}. Best is trial 46 with value: 0.8114831447601318.
[I 2025-07-01 12:57:47,478] Trial 65 finished with value: 0.8110597729682922 and parameters: {'learning_rate': 0.0020842501686623035, 'lambda': 7.480094675033283e-06}. Best is trial 46 with value: 0.8114831447601318.
[I 2025-07-01 12:58:02,651] Trial 68 finished with value: 0.7969880700111389 and parameters: {'learning_rate': 0.0006775160722463173, 'lambda': 1.7850190392267215e-06}. Best is trial 46 with value: 0.8114831447601318.
[I 2025-07-01 12:59:35,448] Trial 67 finished with value: 0.803661048412323 and parameters: {'learning_rate': 0.004943440294525207, 'lambda': 2.5186807627940527e-06}. Best is trial 46 with value: 0.8114831447601318.
[I 2025-07-01 13:00:07,471] Trial 69 finished with value: 0.8087816834449768 and parameters: {'learning_rate': 0.0026134388899008397, 'lambda': 3.3496557378575393e-06}. Best is trial 46 with value: 0.8114831447601318.
[I 2025-07-01 13:01:23,953] Trial 71 finished with value: 0.8073704838752747 and parameters: {'learning_rate': 0.004734464030255774, 'lambda': 3.6943598603154954e-06}. Best is trial 46 with value: 0.8114831447601318.
[I 2025-07-01 13:02:02,416] Trial 72 finished with value: 0.8076930642127991 and parameters: {'learning_rate': 0.0025508419568845064, 'lambda': 3.7734897152715423e-06}. Best is trial 46 with value: 0.8114831447601318.
[I 2025-07-01 13:02:03,669] Trial 73 finished with value: 0.8058584928512573 and parameters: {'learning_rate': 0.0091390085790432, 'lambda': 4.0470403629961675e-06}. Best is trial 46 with value: 0.8114831447601318.
[I 2025-07-01 13:04:07,700] Trial 70 finished with value: 0.8079349994659424 and parameters: {'learning_rate': 0.005107299089614582, 'lambda': 3.482919881379246e-06}. Best is trial 46 with value: 0.8114831447601318.
[I 2025-07-01 13:04:52,060] Trial 74 finished with value: 0.8108380436897278 and parameters: {'learning_rate': 0.0011234133182129499, 'lambda': 4.631198782421274e-06}. Best is trial 46 with value: 0.8114831447601318.
[I 2025-07-01 13:06:38,356] Trial 76 finished with value: 0.8100920915603638 and parameters: {'learning_rate': 0.005829312981134516, 'lambda': 9.862295880231967e-06}. Best is trial 46 with value: 0.8114831447601318.
[I 2025-07-01 13:08:23,499] Trial 78 finished with value: 0.8092050552368164 and parameters: {'learning_rate': 0.001748896992056223, 'lambda': 9.904177260000574e-06}. Best is trial 46 with value: 0.8114831447601318.
[I 2025-07-01 13:08:48,847] Trial 75 finished with value: 0.8093461990356445 and parameters: {'learning_rate': 0.0011746601868697685, 'lambda': 8.082319152978649e-06}. Best is trial 46 with value: 0.8114831447601318.
[I 2025-07-01 13:10:25,999] Trial 79 finished with value: 0.8095477819442749 and parameters: {'learning_rate': 0.0012226270482815342, 'lambda': 8.105259972959616e-06}. Best is trial 46 with value: 0.8114831447601318.
[I 2025-07-01 13:12:44,455] Trial 77 finished with value: 0.8100517988204956 and parameters: {'learning_rate': 0.0011511587237846052, 'lambda': 8.140077268907906e-06}. Best is trial 46 with value: 0.8114831447601318.
[I 2025-07-01 13:13:12,907] Trial 82 finished with value: 0.810313880443573 and parameters: {'learning_rate': 0.0022882415717658143, 'lambda': 5.148128011848414e-06}. Best is trial 46 with value: 0.8114831447601318.
[I 2025-07-01 13:15:59,756] Trial 84 finished with value: 0.8101727366447449 and parameters: {'learning_rate': 0.003947087581808615, 'lambda': 6.253807739824074e-06}. Best is trial 46 with value: 0.8114831447601318.
[I 2025-07-01 13:17:18,398] Trial 80 finished with value: 0.8098098635673523 and parameters: {'learning_rate': 0.0012064895698695912, 'lambda': 8.132077407104604e-06}. Best is trial 46 with value: 0.8114831447601318.
[I 2025-07-01 13:17:42,515] Trial 83 finished with value: 0.810313880443573 and parameters: {'learning_rate': 0.0026309119925341387, 'lambda': 4.8576447602482455e-06}. Best is trial 46 with value: 0.8114831447601318.
[I 2025-07-01 13:18:03,805] Trial 81 finished with value: 0.8109186887741089 and parameters: {'learning_rate': 0.0007692102476900512, 'lambda': 6.601080046311304e-06}. Best is trial 46 with value: 0.8114831447601318.
[I 2025-07-01 13:20:27,146] Trial 88 finished with value: 0.8046287298202515 and parameters: {'learning_rate': 0.0019232381741225645, 'lambda': 2.680989904393152e-06}. Best is trial 46 with value: 0.8114831447601318.
[I 2025-07-01 13:21:15,095] Trial 85 finished with value: 0.8114227056503296 and parameters: {'learning_rate': 0.002304349333202698, 'lambda': 6.622877516623956e-06}. Best is trial 46 with value: 0.8114831447601318.
[I 2025-07-01 13:23:38,446] Trial 90 finished with value: 0.7960002422332764 and parameters: {'learning_rate': 1.1309982982871617e-05, 'lambda': 4.97871387382241e-06}. Best is trial 46 with value: 0.8114831447601318.
[I 2025-07-01 13:24:35,256] Trial 89 finished with value: 0.8102735280990601 and parameters: {'learning_rate': 0.0031716990957269277, 'lambda': 5.051004661797469e-06}. Best is trial 46 with value: 0.8114831447601318.
[I 2025-07-01 13:24:57,133] Trial 87 finished with value: 0.8112614154815674 and parameters: {'learning_rate': 0.0019664162128618487, 'lambda': 6.82830169199061e-06}. Best is trial 46 with value: 0.8114831447601318.
[I 2025-07-01 13:25:37,244] Trial 86 finished with value: 0.8113823533058167 and parameters: {'learning_rate': 0.0018030986851791883, 'lambda': 7.076322411015544e-06}. Best is trial 46 with value: 0.8114831447601318.
[I 2025-07-01 13:28:53,731] Trial 91 finished with value: 0.8114831447601318 and parameters: {'learning_rate': 0.0005776109029079214, 'lambda': 5.540860916135316e-06}. Best is trial 46 with value: 0.8114831447601318.
[I 2025-07-01 13:29:34,798] Trial 93 finished with value: 0.8095276355743408 and parameters: {'learning_rate': 0.0005446486146148149, 'lambda': 6.30823896736008e-06}. Best is trial 46 with value: 0.8114831447601318.
[I 2025-07-01 13:29:48,755] Trial 94 finished with value: 0.8097695708274841 and parameters: {'learning_rate': 0.0004955408977742646, 'lambda': 4.235965760504671e-06}. Best is trial 46 with value: 0.8114831447601318.
[I 2025-07-01 13:31:01,447] Trial 92 finished with value: 0.8097695708274841 and parameters: {'learning_rate': 0.0005098187887628843, 'lambda': 6.481235464749004e-06}. Best is trial 46 with value: 0.8114831447601318.
[I 2025-07-01 13:31:21,858] Trial 96 finished with value: 0.7748724818229675 and parameters: {'learning_rate': 0.0008806737849795984, 'lambda': 1.001586677928632e-08}. Best is trial 46 with value: 0.8114831447601318.
[I 2025-07-01 13:32:17,491] Trial 97 finished with value: 0.7921496629714966 and parameters: {'learning_rate': 0.00015936943689356665, 'lambda': 9.089344943513759e-06}. Best is trial 46 with value: 0.8114831447601318.
[I 2025-07-01 13:34:10,425] Trial 99 finished with value: 0.8096082806587219 and parameters: {'learning_rate': 0.0015002131293397512, 'lambda': 5.4952175542670156e-06}. Best is trial 46 with value: 0.8114831447601318.
[I 2025-07-01 13:35:46,649] Trial 95 finished with value: 0.8106767535209656 and parameters: {'learning_rate': 0.001582899274190653, 'lambda': 5.498586046562024e-06}. Best is trial 46 with value: 0.8114831447601318.
