[I 2025-07-01 13:20:34,054] Trial 99 finished with value: 0.7604861259460449 and parameters: {'learning_rate': 0.0017078049167320267, 'lambda': 1.7873343895106774e-06}. Best is trial 95 with value: 0.7606907486915588.
[I 2025-07-01 13:22:26,923] Trial 100 finished with value: 0.759258508682251 and parameters: {'learning_rate': 0.0018254713677411964, 'lambda': 1.4643442570269812e-06}. Best is trial 95 with value: 0.7606907486915588.
[I 2025-07-01 13:23:28,694] Trial 102 finished with value: 0.7289765477180481 and parameters: {'learning_rate': 0.0010030135993936908, 'lambda': 1.3729438765500157e-06}. Best is trial 95 with value: 0.7606907486915588.
[I 2025-07-01 13:24:11,781] Trial 101 finished with value: 0.7570896744728088 and parameters: {'learning_rate': 0.0016041865933668668, 'lambda': 1.4531130230277617e-06}. Best is trial 95 with value: 0.7606907486915588.
[I 2025-07-01 13:24:38,812] Trial 103 finished with value: 0.725580096244812 and parameters: {'learning_rate': 0.000902400238748905, 'lambda': 1.4895360572472262e-06}. Best is trial 95 with value: 0.7606907486915588.
[I 2025-07-01 13:26:01,702] Trial 105 finished with value: 0.7582354545593262 and parameters: {'learning_rate': 0.002553784537387953, 'lambda': 2.3289804092225533e-06}. Best is trial 95 with value: 0.7606907486915588.
[I 2025-07-01 13:27:12,352] Trial 107 finished with value: 0.7581536173820496 and parameters: {'learning_rate': 0.002596081057252886, 'lambda': 2.340779286526046e-06}. Best is trial 95 with value: 0.7606907486915588.
[I 2025-07-01 13:27:55,093] Trial 106 finished with value: 0.759872317314148 and parameters: {'learning_rate': 0.0024942936805429105, 'lambda': 2.2102751612241934e-06}. Best is trial 95 with value: 0.7606907486915588.
[I 2025-07-01 13:28:01,202] Trial 104 finished with value: 0.73036789894104 and parameters: {'learning_rate': 0.0010384351149130755, 'lambda': 1.2392662011339433e-06}. Best is trial 95 with value: 0.7606907486915588.
[I 2025-07-01 13:29:49,284] Trial 109 finished with value: 0.7586037516593933 and parameters: {'learning_rate': 0.004287083208495828, 'lambda': 1.7786950847206963e-06}. Best is trial 95 with value: 0.7606907486915588.
[I 2025-07-01 13:30:03,695] Trial 108 finished with value: 0.7599132657051086 and parameters: {'learning_rate': 0.0020326897720075537, 'lambda': 1.8574021522896408e-06}. Best is trial 95 with value: 0.7606907486915588.
[I 2025-07-01 13:30:33,367] Trial 110 finished with value: 0.7576625943183899 and parameters: {'learning_rate': 0.0030949452517407827, 'lambda': 1.0370244243694235e-06}. Best is trial 95 with value: 0.7606907486915588.
[I 2025-07-01 13:31:04,024] Trial 111 finished with value: 0.7587674260139465 and parameters: {'learning_rate': 0.0043689753981772305, 'lambda': 1.9005774957392368e-06}. Best is trial 95 with value: 0.7606907486915588.
srun: Job step aborted: Waiting up to 62 seconds for job step to finish.
slurmstepd: error: *** STEP 713511.0 ON r8i3n3 CANCELLED AT 2025-07-01T13:31:15 ***
slurmstepd: error: *** JOB 713511 ON r8i3n3 CANCELLED AT 2025-07-01T13:31:15 ***
