[I 2025-07-01 13:36:11,746] Trial 100 finished with value: 0.8065035939216614 and parameters: {'learning_rate': 0.0016285340316482815, 'lambda': 2.8772118458029934e-06}. Best is trial 46 with value: 0.8114831447601318.
[I 2025-07-01 13:37:52,817] Trial 102 finished with value: 0.8051126003265381 and parameters: {'learning_rate': 0.003581659667612727, 'lambda': 2.949658872658395e-06}. Best is trial 46 with value: 0.8114831447601318.
[I 2025-07-01 13:39:05,360] Trial 98 finished with value: 0.805616557598114 and parameters: {'learning_rate': 0.00021220672575956846, 'lambda': 2.8933483084059624e-06}. Best is trial 46 with value: 0.8114831447601318.
[I 2025-07-01 13:40:16,437] Trial 101 finished with value: 0.8051528930664062 and parameters: {'learning_rate': 0.0003267208769828218, 'lambda': 2.8606030403706885e-06}. Best is trial 46 with value: 0.8114831447601318.
slurmstepd: error: *** STEP 713296.0 ON r9i5n6 CANCELLED AT 2025-07-01T13:42:13 DUE TO TIME LIMIT ***
slurmstepd: error: *** JOB 713296 ON r9i5n6 CANCELLED AT 2025-07-01T13:42:13 DUE TO TIME LIMIT ***
srun: Job step aborted: Waiting up to 62 seconds for job step to finish.
