Loading pytorch-gpu/py3/2.7.0
  Loading requirement: gcc/11.4.1 cuda/12.6.3 nccl/2.25.1-1-cuda
    cudnn/9.5.1.17-cuda openmpi/4.1.6-cuda intel-mkl/2020.4 magma/2.9.0-cuda
    sox/14.4.2 hdf5/1.12.0-mpi-cuda libjpeg-turbo/2.1.3 ffmpeg/6.1.1
    openjdk/11.0.2
[I 2025-07-01 11:54:12,588] Using an existing study with name 'hps_parallel_assist0910_IMPACT' instead of creating a new one.
[I 2025-07-01 11:54:12,589] Using an existing study with name 'hps_parallel_assist0910_IMPACT' instead of creating a new one.
[I 2025-07-01 11:54:12,593] Using an existing study with name 'hps_parallel_assist0910_IMPACT' instead of creating a new one.
[I 2025-07-01 11:54:12,598] Using an existing study with name 'hps_parallel_assist0910_IMPACT' instead of creating a new one.
[I 2025-07-01 11:55:25,950] Trial 3 finished with value: 0.6965667009353638 and parameters: {'learning_rate': 1.0606327529677347e-05, 'lambda': 2.71222070608882e-07}. Best is trial 3 with value: 0.6965667009353638.
[I 2025-07-01 11:58:13,329] Trial 4 finished with value: 0.6954208612442017 and parameters: {'learning_rate': 5.288071692943301e-05, 'lambda': 1.9765196953445857e-06}. Best is trial 3 with value: 0.6965667009353638.
[I 2025-07-01 11:58:35,317] Trial 1 finished with value: 0.6948070526123047 and parameters: {'learning_rate': 6.255666409642736e-05, 'lambda': 2.7173358323693633e-06}. Best is trial 3 with value: 0.6965667009353638.
[I 2025-07-01 11:58:59,520] Trial 5 finished with value: 0.6950116753578186 and parameters: {'learning_rate': 0.0001924570359382254, 'lambda': 1.7261274718724482e-08}. Best is trial 3 with value: 0.6965667009353638.
[I 2025-07-01 11:59:32,976] Trial 7 finished with value: 0.6932520270347595 and parameters: {'learning_rate': 2.7722587342650918e-05, 'lambda': 3.347069085274739e-08}. Best is trial 3 with value: 0.6965667009353638.
[I 2025-07-01 11:59:57,345] Trial 8 finished with value: 0.6957482695579529 and parameters: {'learning_rate': 1.898741130959142e-05, 'lambda': 3.064579210541528e-08}. Best is trial 3 with value: 0.6965667009353638.
[I 2025-07-01 12:01:07,817] Trial 6 finished with value: 0.6934566497802734 and parameters: {'learning_rate': 0.00016866754045051797, 'lambda': 5.04671237017573e-08}. Best is trial 3 with value: 0.6965667009353638.
[I 2025-07-01 12:02:30,772] Trial 2 finished with value: 0.7429308295249939 and parameters: {'learning_rate': 0.0026299403412816916, 'lambda': 4.279910173879955e-07}. Best is trial 2 with value: 0.7429308295249939.
[I 2025-07-01 12:02:43,269] Trial 9 finished with value: 0.7466546893119812 and parameters: {'learning_rate': 0.01410873800622435, 'lambda': 7.71625600519777e-06}. Best is trial 9 with value: 0.7466546893119812.
[I 2025-07-01 12:02:56,367] Trial 10 finished with value: 0.7266849279403687 and parameters: {'learning_rate': 0.0010030866314025412, 'lambda': 2.0467756958124135e-06}. Best is trial 9 with value: 0.7466546893119812.
[I 2025-07-01 12:03:45,095] Trial 11 finished with value: 0.7540205717086792 and parameters: {'learning_rate': 0.006310737741514904, 'lambda': 2.841721126992859e-07}. Best is trial 11 with value: 0.7540205717086792.
[I 2025-07-01 12:04:28,172] Trial 14 finished with value: 0.7241477966308594 and parameters: {'learning_rate': 0.0491944980834193, 'lambda': 9.900547985536397e-06}. Best is trial 11 with value: 0.7540205717086792.
[I 2025-07-01 12:05:06,183] Trial 15 finished with value: 0.7228383421897888 and parameters: {'learning_rate': 0.04136801503985167, 'lambda': 9.477350410858368e-06}. Best is trial 11 with value: 0.7540205717086792.
[I 2025-07-01 12:06:00,470] Trial 13 finished with value: 0.6931701898574829 and parameters: {'learning_rate': 0.00021622506244540354, 'lambda': 1.8134830810006573e-06}. Best is trial 11 with value: 0.7540205717086792.
[I 2025-07-01 12:06:22,352] Trial 16 finished with value: 0.7501329779624939 and parameters: {'learning_rate': 0.014635751711379328, 'lambda': 2.2077557122250306e-07}. Best is trial 11 with value: 0.7540205717086792.
[I 2025-07-01 12:09:28,711] Trial 17 finished with value: 0.7531611919403076 and parameters: {'learning_rate': 0.0082046564192733, 'lambda': 2.0952758365241894e-07}. Best is trial 11 with value: 0.7540205717086792.
[I 2025-07-01 12:09:49,340] Trial 18 finished with value: 0.7537750005722046 and parameters: {'learning_rate': 0.0067797060879357125, 'lambda': 1.8623338777611474e-07}. Best is trial 11 with value: 0.7540205717086792.
[I 2025-07-01 12:10:34,244] Trial 12 finished with value: 0.7381429672241211 and parameters: {'learning_rate': 0.020230334597963192, 'lambda': 2.703560347424738e-08}. Best is trial 11 with value: 0.7540205717086792.
[I 2025-07-01 12:10:57,628] Trial 19 finished with value: 0.7439538240432739 and parameters: {'learning_rate': 0.006665893643873687, 'lambda': 1.458788500088925e-07}. Best is trial 11 with value: 0.7540205717086792.
[I 2025-07-01 12:11:27,609] Trial 20 finished with value: 0.7420305609703064 and parameters: {'learning_rate': 0.0031835071033739473, 'lambda': 1.0611587449432008e-07}. Best is trial 11 with value: 0.7540205717086792.
[I 2025-07-01 12:12:14,491] Trial 21 finished with value: 0.7420714497566223 and parameters: {'learning_rate': 0.0033085300635738294, 'lambda': 1.1032506166446376e-07}. Best is trial 11 with value: 0.7540205717086792.
[I 2025-07-01 12:13:36,274] Trial 23 finished with value: 0.7392888069152832 and parameters: {'learning_rate': 0.0022806927260915475, 'lambda': 8.631911668535394e-08}. Best is trial 11 with value: 0.7540205717086792.
[I 2025-07-01 12:14:06,976] Trial 22 finished with value: 0.7442812323570251 and parameters: {'learning_rate': 0.003767826901496371, 'lambda': 1.0005440411146684e-07}. Best is trial 11 with value: 0.7540205717086792.
[I 2025-07-01 12:14:18,853] Trial 24 finished with value: 0.7331914901733398 and parameters: {'learning_rate': 0.0011275418167790185, 'lambda': 6.462601000252299e-07}. Best is trial 11 with value: 0.7540205717086792.
[I 2025-07-01 12:15:06,028] Trial 25 finished with value: 0.7320047616958618 and parameters: {'learning_rate': 0.0010663648459388294, 'lambda': 6.203524164037457e-07}. Best is trial 11 with value: 0.7540205717086792.
[I 2025-07-01 12:16:19,854] Trial 28 finished with value: 0.7507468461990356 and parameters: {'learning_rate': 0.007285149592817586, 'lambda': 7.952381786302901e-07}. Best is trial 11 with value: 0.7540205717086792.
[I 2025-07-01 12:18:02,397] Trial 29 finished with value: 0.7557801604270935 and parameters: {'learning_rate': 0.006986172838723565, 'lambda': 9.73200120300964e-07}. Best is trial 29 with value: 0.7557801604270935.
[I 2025-07-01 12:19:09,401] Trial 27 finished with value: 0.7208740711212158 and parameters: {'learning_rate': 0.0006735444318442697, 'lambda': 6.1077007708322e-07}. Best is trial 29 with value: 0.7557801604270935.
[I 2025-07-01 12:19:24,394] Trial 26 finished with value: 0.7327413558959961 and parameters: {'learning_rate': 0.000931403578994397, 'lambda': 5.954604781924215e-07}. Best is trial 29 with value: 0.7557801604270935.
[I 2025-07-01 12:20:19,803] Trial 31 finished with value: 0.7037279605865479 and parameters: {'learning_rate': 0.0003968494836389117, 'lambda': 1.1264519175162383e-06}. Best is trial 29 with value: 0.7557801604270935.
[I 2025-07-01 12:21:38,749] Trial 33 finished with value: 0.7527928948402405 and parameters: {'learning_rate': 0.021509479390418196, 'lambda': 1.1662355853496852e-06}. Best is trial 29 with value: 0.7557801604270935.
[I 2025-07-01 12:21:41,605] Trial 34 finished with value: 0.7485370635986328 and parameters: {'learning_rate': 0.027145180037257417, 'lambda': 3.620166624717885e-07}. Best is trial 29 with value: 0.7557801604270935.
[I 2025-07-01 12:22:12,753] Trial 30 finished with value: 0.7061423063278198 and parameters: {'learning_rate': 0.0004031229341439411, 'lambda': 2.1611777466949188e-07}. Best is trial 29 with value: 0.7557801604270935.
[I 2025-07-01 12:22:15,727] Trial 32 finished with value: 0.752465546131134 and parameters: {'learning_rate': 0.02086879520975657, 'lambda': 1.101417180748309e-06}. Best is trial 29 with value: 0.7557801604270935.
[I 2025-07-01 12:22:48,381] Trial 36 finished with value: 0.7458362579345703 and parameters: {'learning_rate': 0.009046447775689581, 'lambda': 4.6658814180841635e-06}. Best is trial 29 with value: 0.7557801604270935.
[I 2025-07-01 12:23:39,585] Trial 35 finished with value: 0.7502967119216919 and parameters: {'learning_rate': 0.009284406591672472, 'lambda': 2.285935880428379e-07}. Best is trial 29 with value: 0.7557801604270935.
[I 2025-07-01 12:23:40,655] Trial 37 finished with value: 0.7430535554885864 and parameters: {'learning_rate': 0.005474015563082921, 'lambda': 1.6880393448399458e-07}. Best is trial 29 with value: 0.7557801604270935.
[I 2025-07-01 12:24:29,206] Trial 38 finished with value: 0.7513197064399719 and parameters: {'learning_rate': 0.007093186085134871, 'lambda': 3.6927388599144813e-07}. Best is trial 29 with value: 0.7557801604270935.
[I 2025-07-01 12:26:01,076] Trial 39 finished with value: 0.7401072382926941 and parameters: {'learning_rate': 0.0018926113974953001, 'lambda': 3.4977703512291517e-07}. Best is trial 29 with value: 0.7557801604270935.
[I 2025-07-01 12:26:51,046] Trial 41 finished with value: 0.7396979928016663 and parameters: {'learning_rate': 0.0018460435342098499, 'lambda': 3.560636232717647e-07}. Best is trial 29 with value: 0.7557801604270935.
[I 2025-07-01 12:27:26,396] Trial 43 finished with value: 0.7378565073013306 and parameters: {'learning_rate': 0.0017179687303606652, 'lambda': 5.6707138197065634e-08}. Best is trial 29 with value: 0.7557801604270935.
[I 2025-07-01 12:28:25,835] Trial 42 finished with value: 0.743135392665863 and parameters: {'learning_rate': 0.004152409653819002, 'lambda': 5.2789100630482174e-08}. Best is trial 29 with value: 0.7557801604270935.
[I 2025-07-01 12:28:39,948] Trial 45 finished with value: 0.7460817694664001 and parameters: {'learning_rate': 0.011796921974690691, 'lambda': 1.250565931240499e-06}. Best is trial 29 with value: 0.7557801604270935.
[I 2025-07-01 12:29:27,998] Trial 40 finished with value: 0.7562302947044373 and parameters: {'learning_rate': 0.004605626694003139, 'lambda': 3.4830003071261974e-07}. Best is trial 40 with value: 0.7562302947044373.
[I 2025-07-01 12:29:36,777] Trial 46 finished with value: 0.7463682293891907 and parameters: {'learning_rate': 0.013258634189323715, 'lambda': 1.4009921315178293e-06}. Best is trial 40 with value: 0.7562302947044373.
[I 2025-07-01 12:30:52,316] Trial 47 finished with value: 0.7352784872055054 and parameters: {'learning_rate': 0.02804533097560983, 'lambda': 2.643043097405998e-06}. Best is trial 40 with value: 0.7562302947044373.
[I 2025-07-01 12:31:02,358] Trial 44 finished with value: 0.7432581782341003 and parameters: {'learning_rate': 0.004549424160032589, 'lambda': 4.681640428102451e-08}. Best is trial 40 with value: 0.7562302947044373.
[I 2025-07-01 12:31:04,762] Trial 49 finished with value: 0.7512378692626953 and parameters: {'learning_rate': 0.036199893892532566, 'lambda': 4.7032625689238164e-07}. Best is trial 40 with value: 0.7562302947044373.
[I 2025-07-01 12:32:56,340] Trial 48 finished with value: 0.743912935256958 and parameters: {'learning_rate': 0.004911472750208553, 'lambda': 1.5629671798481238e-07}. Best is trial 40 with value: 0.7562302947044373.
[I 2025-07-01 12:33:01,269] Trial 50 finished with value: 0.7529565691947937 and parameters: {'learning_rate': 0.005036355160606122, 'lambda': 4.987700053041882e-07}. Best is trial 40 with value: 0.7562302947044373.
[I 2025-07-01 12:33:41,833] Trial 52 finished with value: 0.7516471147537231 and parameters: {'learning_rate': 0.010355428089187596, 'lambda': 1.5315482398031905e-07}. Best is trial 40 with value: 0.7562302947044373.
[I 2025-07-01 12:34:16,268] Trial 51 finished with value: 0.7520972490310669 and parameters: {'learning_rate': 0.009991909523916534, 'lambda': 1.5793810748236193e-07}. Best is trial 40 with value: 0.7562302947044373.
[I 2025-07-01 12:37:18,164] Trial 54 finished with value: 0.6962392926216125 and parameters: {'learning_rate': 5.05107711628365e-05, 'lambda': 7.815506118786682e-08}. Best is trial 40 with value: 0.7562302947044373.
[I 2025-07-01 12:37:37,336] Trial 53 finished with value: 0.7418668270111084 and parameters: {'learning_rate': 0.0026964755900531654, 'lambda': 2.659656552085481e-07}. Best is trial 40 with value: 0.7562302947044373.
[I 2025-07-01 12:37:49,185] Trial 55 finished with value: 0.7568850517272949 and parameters: {'learning_rate': 0.0030131211484133065, 'lambda': 8.270992511911176e-07}. Best is trial 55 with value: 0.7568850517272949.
[I 2025-07-01 12:40:10,148] Trial 56 finished with value: 0.7437901496887207 and parameters: {'learning_rate': 0.002809653553783414, 'lambda': 2.664857984420241e-07}. Best is trial 55 with value: 0.7568850517272949.
[I 2025-07-01 12:40:22,945] Trial 59 finished with value: 0.754306972026825 and parameters: {'learning_rate': 0.006131212659290328, 'lambda': 2.9542701401808464e-07}. Best is trial 55 with value: 0.7568850517272949.
[I 2025-07-01 12:40:59,128] Trial 58 finished with value: 0.7579899430274963 and parameters: {'learning_rate': 0.005429557246998563, 'lambda': 8.900476878235071e-07}. Best is trial 58 with value: 0.7579899430274963.
[I 2025-07-01 12:41:22,497] Trial 60 finished with value: 0.7455497980117798 and parameters: {'learning_rate': 0.016307472663175365, 'lambda': 8.132360928980062e-07}. Best is trial 58 with value: 0.7579899430274963.
[I 2025-07-01 12:42:09,715] Trial 62 finished with value: 0.7411302328109741 and parameters: {'learning_rate': 0.016127875457185036, 'lambda': 2.1278428785888235e-06}. Best is trial 58 with value: 0.7579899430274963.
[I 2025-07-01 12:43:00,973] Trial 57 finished with value: 0.7420714497566223 and parameters: {'learning_rate': 0.002602790763305241, 'lambda': 2.825782289344542e-07}. Best is trial 58 with value: 0.7579899430274963.
[I 2025-07-01 12:43:31,306] Trial 61 finished with value: 0.7521381378173828 and parameters: {'learning_rate': 0.006486747626788369, 'lambda': 9.047220768449924e-07}. Best is trial 58 with value: 0.7579899430274963.
[I 2025-07-01 12:44:27,537] Trial 63 finished with value: 0.7561484575271606 and parameters: {'learning_rate': 0.005609499860655445, 'lambda': 8.428890258399162e-07}. Best is trial 58 with value: 0.7579899430274963.
[I 2025-07-01 12:45:45,934] Trial 64 finished with value: 0.7340917587280273 and parameters: {'learning_rate': 0.0013325265860988972, 'lambda': 8.803288314260574e-07}. Best is trial 58 with value: 0.7579899430274963.
[I 2025-07-01 12:46:00,520] Trial 65 finished with value: 0.755493700504303 and parameters: {'learning_rate': 0.006038883961289556, 'lambda': 8.639492199723948e-07}. Best is trial 58 with value: 0.7579899430274963.
[I 2025-07-01 12:47:22,690] Trial 66 finished with value: 0.7601997256278992 and parameters: {'learning_rate': 0.003504010099313156, 'lambda': 1.6481413596387301e-06}. Best is trial 66 with value: 0.7601997256278992.
[I 2025-07-01 12:48:44,811] Trial 69 finished with value: 0.7582764029502869 and parameters: {'learning_rate': 0.0039437638731221495, 'lambda': 3.5330601727061015e-06}. Best is trial 66 with value: 0.7601997256278992.
[I 2025-07-01 12:49:26,364] Trial 68 finished with value: 0.7605680227279663 and parameters: {'learning_rate': 0.0035123084515595697, 'lambda': 1.4906226343176106e-06}. Best is trial 68 with value: 0.7605680227279663.
[I 2025-07-01 12:50:20,303] Trial 67 finished with value: 0.7494373321533203 and parameters: {'learning_rate': 0.001481713359337034, 'lambda': 1.502964087430136e-06}. Best is trial 68 with value: 0.7605680227279663.
[I 2025-07-01 12:50:57,767] Trial 70 finished with value: 0.7599541544914246 and parameters: {'learning_rate': 0.003324835258639572, 'lambda': 1.6438799534558128e-06}. Best is trial 68 with value: 0.7605680227279663.
[I 2025-07-01 12:51:32,398] Trial 71 finished with value: 0.759872317314148 and parameters: {'learning_rate': 0.0035527118495206015, 'lambda': 1.5926208660584687e-06}. Best is trial 68 with value: 0.7605680227279663.
[I 2025-07-01 12:52:10,346] Trial 73 finished with value: 0.7550845146179199 and parameters: {'learning_rate': 0.0032647804598455944, 'lambda': 6.021050468353312e-06}. Best is trial 68 with value: 0.7605680227279663.
[I 2025-07-01 12:52:11,245] Trial 72 finished with value: 0.7575806975364685 and parameters: {'learning_rate': 0.0036928876354655736, 'lambda': 4.283631451183634e-06}. Best is trial 68 with value: 0.7605680227279663.
[I 2025-07-01 12:54:12,055] Trial 76 finished with value: 0.7595858573913574 and parameters: {'learning_rate': 0.003866582030559611, 'lambda': 2.351395859691619e-06}. Best is trial 68 with value: 0.7605680227279663.
[I 2025-07-01 12:54:16,592] Trial 75 finished with value: 0.7586037516593933 and parameters: {'learning_rate': 0.0035350201520885816, 'lambda': 4.1261932226814505e-06}. Best is trial 68 with value: 0.7605680227279663.
[I 2025-07-01 12:55:43,041] Trial 77 finished with value: 0.7583582401275635 and parameters: {'learning_rate': 0.0021509805769458048, 'lambda': 3.8835325846417145e-06}. Best is trial 68 with value: 0.7605680227279663.
[I 2025-07-01 12:56:15,396] Trial 79 finished with value: 0.7587674260139465 and parameters: {'learning_rate': 0.0022588559515503547, 'lambda': 3.450933478509722e-06}. Best is trial 68 with value: 0.7605680227279663.
[I 2025-07-01 12:57:22,609] Trial 74 finished with value: 0.758644700050354 and parameters: {'learning_rate': 0.0007166887436061924, 'lambda': 3.7007681249169858e-06}. Best is trial 68 with value: 0.7605680227279663.
[I 2025-07-01 12:58:56,225] Trial 78 finished with value: 0.7581945657730103 and parameters: {'learning_rate': 0.0007231805569975666, 'lambda': 3.8370030235976905e-06}. Best is trial 68 with value: 0.7605680227279663.
[I 2025-07-01 12:59:55,004] Trial 81 finished with value: 0.7597086429595947 and parameters: {'learning_rate': 0.002135976465256843, 'lambda': 2.8428151792708305e-06}. Best is trial 68 with value: 0.7605680227279663.
[I 2025-07-01 13:00:03,938] Trial 80 finished with value: 0.7586037516593933 and parameters: {'learning_rate': 0.000804181647550012, 'lambda': 3.559386138782092e-06}. Best is trial 68 with value: 0.7605680227279663.
[I 2025-07-01 13:03:04,157] Trial 83 finished with value: 0.7136309742927551 and parameters: {'learning_rate': 0.0006648512619910234, 'lambda': 2.805709562439392e-06}. Best is trial 68 with value: 0.7605680227279663.
[I 2025-07-01 13:03:07,749] Trial 84 finished with value: 0.695339024066925 and parameters: {'learning_rate': 0.00031847081408443095, 'lambda': 2.8924042058164457e-06}. Best is trial 68 with value: 0.7605680227279663.
[I 2025-07-01 13:03:17,875] Trial 85 finished with value: 0.6959119439125061 and parameters: {'learning_rate': 0.0003094893711837399, 'lambda': 2.52535058141763e-06}. Best is trial 68 with value: 0.7605680227279663.
[I 2025-07-01 13:05:13,117] Trial 82 finished with value: 0.7254981994628906 and parameters: {'learning_rate': 0.000744336050646872, 'lambda': 2.8896682656898995e-06}. Best is trial 68 with value: 0.7605680227279663.
[I 2025-07-01 13:07:39,403] Trial 87 finished with value: 0.6960347294807434 and parameters: {'learning_rate': 0.00011806226676526833, 'lambda': 1.7726888604324307e-06}. Best is trial 68 with value: 0.7605680227279663.
[I 2025-07-01 13:07:56,936] Trial 89 finished with value: 0.7572533488273621 and parameters: {'learning_rate': 0.002254520779861714, 'lambda': 5.335890796457425e-06}. Best is trial 68 with value: 0.7605680227279663.
[I 2025-07-01 13:08:30,226] Trial 88 finished with value: 0.759667694568634 and parameters: {'learning_rate': 0.0022494938847097633, 'lambda': 1.7670109762911786e-06}. Best is trial 68 with value: 0.7605680227279663.
[I 2025-07-01 13:08:52,177] Trial 86 finished with value: 0.7338462471961975 and parameters: {'learning_rate': 0.0003664127147644639, 'lambda': 5.576241502962007e-06}. Best is trial 68 with value: 0.7605680227279663.
[I 2025-07-01 13:10:11,882] Trial 90 finished with value: 0.7577034831047058 and parameters: {'learning_rate': 0.0013252026568386394, 'lambda': 5.5332699947024176e-06}. Best is trial 68 with value: 0.7605680227279663.
[I 2025-07-01 13:11:08,758] Trial 92 finished with value: 0.7549617290496826 and parameters: {'learning_rate': 0.0012557207062021763, 'lambda': 7.0505706157498415e-06}. Best is trial 68 with value: 0.7605680227279663.
[I 2025-07-01 13:11:27,404] Trial 91 finished with value: 0.754470705986023 and parameters: {'learning_rate': 0.001266186483772333, 'lambda': 7.4837519515588504e-06}. Best is trial 68 with value: 0.7605680227279663.
[I 2025-07-01 13:12:35,412] Trial 93 finished with value: 0.759258508682251 and parameters: {'learning_rate': 0.00222119647699635, 'lambda': 2.2498150033938216e-06}. Best is trial 68 with value: 0.7605680227279663.
[I 2025-07-01 13:13:41,428] Trial 94 finished with value: 0.7546752691268921 and parameters: {'learning_rate': 0.0005206177964758634, 'lambda': 7.519390890453014e-06}. Best is trial 68 with value: 0.7605680227279663.
[I 2025-07-01 13:14:49,922] Trial 95 finished with value: 0.7606907486915588 and parameters: {'learning_rate': 0.0016969685554352153, 'lambda': 2.2656270501845414e-06}. Best is trial 95 with value: 0.7606907486915588.
[I 2025-07-01 13:16:41,751] Trial 96 finished with value: 0.7109710574150085 and parameters: {'learning_rate': 0.0005349007312299999, 'lambda': 2.0329912591355808e-06}. Best is trial 95 with value: 0.7606907486915588.
[I 2025-07-01 13:18:23,799] Trial 97 finished with value: 0.7594221830368042 and parameters: {'learning_rate': 0.0016450242434356572, 'lambda': 1.6717269804733365e-06}. Best is trial 95 with value: 0.7606907486915588.
[I 2025-07-01 13:19:24,813] Trial 98 finished with value: 0.7591766715049744 and parameters: {'learning_rate': 0.0016694754297267552, 'lambda': 1.7197677691856689e-06}. Best is trial 95 with value: 0.7606907486915588.
